sample.interval=20000
".Fortran" "Solve.banded" "standardGeneric" "t" "baseline.irls" 
"t.default" "t" "standardGeneric" "t" "baseline.irls" 
"rbind" "Solve.banded" "baseline.irls" 
"baseline.irls" 
"baseline.irls" 
"baseline.irls" 
".Fortran" "Solve.banded" "baseline.irls" 
".Fortran" "Solve.banded" "baseline.irls" 
".Fortran" "Solve.banded" "baseline.irls" 
"rbind" "Solve.banded" "baseline.irls" 
"rbind" "Solve.banded" "baseline.irls" 
"rbind" "Solve.banded" "baseline.irls" 
"rbind" "Solve.banded" "baseline.irls" 
"rbind" "Solve.banded" "baseline.irls" 
".Fortran" "Solve.banded" "baseline.irls" 
"baseline.irls" 
".Fortran" "Solve.banded" "baseline.irls" 
".Fortran" "Solve.banded" "baseline.irls" 
"baseline.irls" 
".Fortran" "Solve.banded" "baseline.irls" 
".Fortran" "Solve.banded" "baseline.irls" 
"baseline.irls" 
".Fortran" "Solve.banded" "baseline.irls" 
"baseline.irls" 
"ncol" "Solve.banded" "baseline.irls" 
"rbind" "Solve.banded" "baseline.irls" 
".Fortran" "Solve.banded" "baseline.irls" 
".Fortran" "Solve.banded" "baseline.irls" 
"rbind" "Solve.banded" "baseline.irls" 
".Fortran" "Solve.banded" "baseline.irls" 
"baseline.irls" 
"baseline.irls" 
"baseline.irls" 
"baseline.irls" 
"rbind" "Solve.banded" "baseline.irls" 
"baseline.irls" 
"rbind" "Solve.banded" "baseline.irls" 
"baseline.irls" 
".Fortran" "Solve.banded" "baseline.irls" 
"baseline.irls" 
".Fortran" "Solve.banded" "baseline.irls" 
".Fortran" "Solve.banded" "baseline.irls" 
".Fortran" "Solve.banded" "baseline.irls" 
"rbind" "Solve.banded" "baseline.irls" 
".Fortran" "Solve.banded" "baseline.irls" 
".Fortran" "Solve.banded" "baseline.irls" 
"baseline.irls" 
"baseline.irls" 
"rbind" "Solve.banded" "baseline.irls" 
"baseline.irls" 
".Fortran" "Solve.banded" "baseline.irls" 
".Fortran" "Solve.banded" "baseline.irls" 
"baseline.irls" 
"baseline.irls" 
"baseline.irls" 
".Fortran" "Solve.banded" "baseline.irls" 
".Fortran" "Solve.banded" "baseline.irls" 
"rbind" "Solve.banded" "baseline.irls" 
"baseline.irls" 
".Fortran" "Solve.banded" "baseline.irls" 
".Fortran" "Solve.banded" "baseline.irls" 
"baseline.irls" 
".Fortran" "Solve.banded" "baseline.irls" 
"rbind" "Solve.banded" "baseline.irls" 
".Fortran" "Solve.banded" "baseline.irls" 
".Fortran" "Solve.banded" "baseline.irls" 
".Fortran" "Solve.banded" "baseline.irls" 
"rbind" "Solve.banded" "baseline.irls" 
".Fortran" "Solve.banded" "baseline.irls" 
".Fortran" "Solve.banded" "baseline.irls" 
".Fortran" "Solve.banded" "baseline.irls" 
"baseline.irls" 
".Fortran" "Solve.banded" "baseline.irls" 
"baseline.irls" 
"Solve.banded" "baseline.irls" 
".Fortran" "Solve.banded" "baseline.irls" 
"rbind" "Solve.banded" "baseline.irls" 
".Fortran" "Solve.banded" "baseline.irls" 
"as.integer" "Solve.banded" "baseline.irls" 
"baseline.irls" 
"baseline.irls" 
"baseline.irls" 
".Fortran" "Solve.banded" "baseline.irls" 
".Fortran" "Solve.banded" "baseline.irls" 
".Fortran" "Solve.banded" "baseline.irls" 
"rbind" "Solve.banded" "baseline.irls" 
".Fortran" "Solve.banded" "baseline.irls" 
"baseline.irls" 
".Fortran" "Solve.banded" "baseline.irls" 
"baseline.irls" 
"as.integer" "Solve.banded" "baseline.irls" 
"rbind" "Solve.banded" "baseline.irls" 
"baseline.irls" 
"baseline.irls" 
"rbind" "Solve.banded" "baseline.irls" 
"rbind" "Solve.banded" "baseline.irls" 
"baseline.irls" 
".Fortran" "Solve.banded" "baseline.irls" 
".Fortran" "Solve.banded" "baseline.irls" 
".Fortran" "Solve.banded" "baseline.irls" 
"rbind" "Solve.banded" "baseline.irls" 
"rbind" "Solve.banded" "baseline.irls" 
"rbind" "Solve.banded" "baseline.irls" 
".Fortran" "Solve.banded" "baseline.irls" 
"baseline.irls" 
".Fortran" "Solve.banded" "baseline.irls" 
".Fortran" "Solve.banded" "baseline.irls" 
".Fortran" "Solve.banded" "baseline.irls" 
".Fortran" "Solve.banded" "baseline.irls" 
".Fortran" "Solve.banded" "baseline.irls" 
"baseline.irls" 
"baseline.irls" 
".Fortran" "Solve.banded" "baseline.irls" 
".Fortran" "Solve.banded" "baseline.irls" 
".Fortran" "Solve.banded" "baseline.irls" 
".Fortran" "Solve.banded" "baseline.irls" 
"baseline.irls" 
".Fortran" "Solve.banded" "baseline.irls" 
".Fortran" "Solve.banded" "baseline.irls" 
"Solve.banded" "baseline.irls" 
"baseline.irls" 
".Fortran" "Solve.banded" "baseline.irls" 
"as.matrix" "Solve.banded" "baseline.irls" 
".Fortran" "Solve.banded" "baseline.irls" 
".Fortran" "Solve.banded" "baseline.irls" 
".Fortran" "Solve.banded" "baseline.irls" 
".Fortran" "Solve.banded" "baseline.irls" 
"rbind" "Solve.banded" "baseline.irls" 
".Fortran" "Solve.banded" "baseline.irls" 
".Fortran" "Solve.banded" "baseline.irls" 
"baseline.irls" 
"baseline.irls" 
".Fortran" "Solve.banded" "baseline.irls" 
"baseline.irls" 
"baseline.irls" 
"baseline.irls" 
"baseline.irls" 
".Fortran" "Solve.banded" "baseline.irls" 
".Fortran" "Solve.banded" "baseline.irls" 
".Fortran" "Solve.banded" "baseline.irls" 
"rbind" "Solve.banded" "baseline.irls" 
".Fortran" "Solve.banded" "baseline.irls" 
".Fortran" "Solve.banded" "baseline.irls" 
".Fortran" "Solve.banded" "baseline.irls" 
"baseline.irls" 
"rbind" "Solve.banded" "baseline.irls" 
".Fortran" "Solve.banded" "baseline.irls" 
".Fortran" "Solve.banded" "baseline.irls" 
"baseline.irls" 
"baseline.irls" 
".Fortran" "Solve.banded" "baseline.irls" 
"baseline.irls" 
".Fortran" "Solve.banded" "baseline.irls" 
"baseline.irls" 
".Fortran" "Solve.banded" "baseline.irls" 
"rbind" "Solve.banded" "baseline.irls" 
".Fortran" "Solve.banded" "baseline.irls" 
"baseline.irls" 
"baseline.irls" 
".Fortran" "Solve.banded" "baseline.irls" 
".Fortran" "Solve.banded" "baseline.irls" 
".Fortran" "Solve.banded" "baseline.irls" 
"rbind" "Solve.banded" "baseline.irls" 
".Fortran" "Solve.banded" "baseline.irls" 
".Fortran" "Solve.banded" "baseline.irls" 
"rbind" "Solve.banded" "baseline.irls" 
".Fortran" "Solve.banded" "baseline.irls" 
".Fortran" "Solve.banded" "baseline.irls" 
".Fortran" "Solve.banded" "baseline.irls" 
"rbind" "Solve.banded" "baseline.irls" 
"rbind" "Solve.banded" "baseline.irls" 
